2026-01-23 11:10:46,910 [ERROR] LogOutputStream:75 - [STDERR_REDIRECT] 
2026-01-23 11:11:25,859 [INFO] Activator:176 - 


2026-01-23 11:11:25,861 [INFO] Activator:177 - !SESSION log4j initialized
2026-01-23 11:11:33,643 [INFO] LogOutputStream:77 - [STDOUT_REDIRECT] 
2026-01-23 11:11:37,132 [INFO] ApplicationProperties:184 - Using Application install path: C:\ST\STM32CubeIDE_1.16.1\STM32CubeIDE\plugins\com.st.stm32cube.common.mx_6.12.1.202409122256
2026-01-23 11:11:37,192 [INFO] DbMcusXml:78 - Set database path to: C:\ST\STM32CubeIDE_1.16.1\STM32CubeIDE\plugins\com.st.stm32cube.common.mx_6.12.1.202409122256\\db\/mcu/
2026-01-23 11:11:37,193 [INFO] ApiDb:274 - Set plugin database path to: C:\ST\STM32CubeIDE_1.16.1\STM32CubeIDE\plugins\com.st.stm32cube.common.mx_6.12.1.202409122256\\db\/plugins/boardmanager/
2026-01-23 11:11:37,194 [WARN] ApiDb:259 - Overriding images path with different value:  => C:\ST\STM32CubeIDE_1.16.1\STM32CubeIDE\plugins\com.st.stm32cube.common.mx_6.12.1.202409122256\\db\/plugins/mcufinder/images/
2026-01-23 11:11:37,227 [INFO] ApiDb:250 - Set database path to: C:\Users\Jonat\.stmcufinder\plugins\mcufinder//mcu/
2026-01-23 11:11:37,228 [INFO] DbMcusAds:125 - Set database path to: C:\Users\Jonat\.stmcufinder\plugins\mcufinder//mcu/
2026-01-23 11:11:37,233 [INFO] CrossReferenceDbSqlite:203 - Set database path to: C:\Users\Jonat\.stmcufinder\plugins\mcufinder//mcu/cs/
2026-01-23 11:11:37,443 [INFO] RulesReader:64 - Compatibility file has been processed (297 Rules)
2026-01-23 11:11:37,598 [INFO] DbMcusXml:78 - Set database path to: C:\ST\STM32CubeIDE_1.16.1\STM32CubeIDE\plugins\com.st.stm32cube.common.mx_6.12.1.202409122256\\db\/mcu/
2026-01-23 11:11:37,598 [INFO] ApiDb:274 - Set plugin database path to: C:\ST\STM32CubeIDE_1.16.1\STM32CubeIDE\plugins\com.st.stm32cube.common.mx_6.12.1.202409122256\\db\/plugins/boardmanager/
2026-01-23 11:11:37,599 [INFO] ApiDb:261 - Set plugin images path to: C:\ST\STM32CubeIDE_1.16.1\STM32CubeIDE\plugins\com.st.stm32cube.common.mx_6.12.1.202409122256\\db\/plugins/mcufinder/images/
2026-01-23 11:11:37,599 [WARN] DbFile:41 - Overriding database path with different value: C:\Users\Jonat\.stmcufinder\plugins\mcufinder/ => C:\Users\Jonat\.stmcufinder\plugins\mcufinder
2026-01-23 11:11:37,599 [INFO] ApiDb:250 - Set database path to: C:\Users\Jonat\.stmcufinder\plugins\mcufinder//mcu/
2026-01-23 11:11:37,599 [WARN] DbFile:41 - Overriding database path with different value: C:\Users\Jonat\.stmcufinder\plugins\mcufinder/ => C:\Users\Jonat\.stmcufinder\plugins\mcufinder
2026-01-23 11:11:37,599 [INFO] DbMcusAds:125 - Set database path to: C:\Users\Jonat\.stmcufinder\plugins\mcufinder//mcu/
2026-01-23 11:11:37,599 [WARN] DbFile:41 - Overriding database path with different value: C:\Users\Jonat\.stmcufinder\plugins\mcufinder/ => C:\Users\Jonat\.stmcufinder\plugins\mcufinder
2026-01-23 11:11:37,600 [WARN] DbFile:41 - Overriding database path with different value: C:\Users\Jonat\.stmcufinder\plugins\mcufinder/ => C:\Users\Jonat\.stmcufinder\plugins\mcufinder
2026-01-23 11:11:37,600 [INFO] CrossReferenceDbSqlite:203 - Set database path to: C:\Users\Jonat\.stmcufinder\plugins\mcufinder//mcu/cs/
2026-01-23 11:11:37,744 [INFO] MainPanel:268 - HeapMemory: 268435456
2026-01-23 11:11:37,957 [INFO] DbMcusXml:78 - Set database path to: C:\ST\STM32CubeIDE_1.16.1\STM32CubeIDE\plugins\com.st.stm32cube.common.mx_6.12.1.202409122256\\db\/mcu/
2026-01-23 11:11:37,957 [INFO] ApiDb:274 - Set plugin database path to: C:\ST\STM32CubeIDE_1.16.1\STM32CubeIDE\plugins\com.st.stm32cube.common.mx_6.12.1.202409122256\\db\/plugins/boardmanager/
2026-01-23 11:11:37,957 [INFO] ApiDb:261 - Set plugin images path to: C:\ST\STM32CubeIDE_1.16.1\STM32CubeIDE\plugins\com.st.stm32cube.common.mx_6.12.1.202409122256\\db\/plugins/mcufinder/images/
2026-01-23 11:11:37,957 [WARN] DbFile:41 - Overriding database path with different value: C:\Users\Jonat\.stmcufinder\plugins\mcufinder/ => C:\Users\Jonat\.stmcufinder\plugins\mcufinder
2026-01-23 11:11:37,957 [INFO] ApiDb:250 - Set database path to: C:\Users\Jonat\.stmcufinder\plugins\mcufinder//mcu/
2026-01-23 11:11:37,957 [WARN] DbFile:41 - Overriding database path with different value: C:\Users\Jonat\.stmcufinder\plugins\mcufinder/ => C:\Users\Jonat\.stmcufinder\plugins\mcufinder
2026-01-23 11:11:37,958 [INFO] DbMcusAds:125 - Set database path to: C:\Users\Jonat\.stmcufinder\plugins\mcufinder//mcu/
2026-01-23 11:11:37,958 [WARN] DbFile:41 - Overriding database path with different value: C:\Users\Jonat\.stmcufinder\plugins\mcufinder/ => C:\Users\Jonat\.stmcufinder\plugins\mcufinder
2026-01-23 11:11:37,958 [WARN] DbFile:41 - Overriding database path with different value: C:\Users\Jonat\.stmcufinder\plugins\mcufinder/ => C:\Users\Jonat\.stmcufinder\plugins\mcufinder
2026-01-23 11:11:37,958 [INFO] CrossReferenceDbSqlite:203 - Set database path to: C:\Users\Jonat\.stmcufinder\plugins\mcufinder//mcu/cs/
2026-01-23 11:11:37,999 [INFO] ApplicationProperties:184 - Using Application install path: C:\ST\STM32CubeIDE_1.16.1\STM32CubeIDE\plugins\com.st.stm32cube.common.mx_6.12.1.202409122256
2026-01-23 11:11:38,002 [INFO] PluginManage:196 - Search for loadable plugins [exclusion list=, ]
2026-01-23 11:11:38,006 [INFO] PluginManage:310 - Check plugin analytics
2026-01-23 11:11:38,193 [INFO] AnalyticsPlugin:253 - Accepted Software Licenses: 
2026-01-23 11:11:38,193 [INFO] AnalyticsPlugin:255 - Accepted CMSIS Pack Licenses: 
2026-01-23 11:11:38,194 [INFO] AnalyticsPlugin:257 - Accepted Firmware Licenses: FW.L4.1.18.0
2026-01-23 11:11:38,196 [INFO] PluginManage:359 - Loaded plugin analytics (category:tool,tabindex:-1)
2026-01-23 11:11:38,196 [INFO] PluginManage:310 - Check plugin cadmodel
2026-01-23 11:11:38,218 [INFO] CADModel:105 - Init CAD model plugin
2026-01-23 11:11:38,218 [INFO] PluginManage:359 - Loaded plugin cadmodel (category:power,tabindex:5)
2026-01-23 11:11:38,218 [INFO] PluginManage:310 - Check plugin clock
2026-01-23 11:11:38,252 [INFO] PluginManage:359 - Loaded plugin clock (category:base,tabindex:2)
2026-01-23 11:11:38,252 [INFO] PluginManage:310 - Check plugin ddr
2026-01-23 11:11:38,260 [INFO] PluginManage:359 - Loaded plugin ddr (category:tool,tabindex:6)
2026-01-23 11:11:38,261 [INFO] PluginManage:310 - Check plugin filemanager
2026-01-23 11:11:38,460 [INFO] PluginManage:359 - Loaded plugin filemanager (category:base,tabindex:10)
2026-01-23 11:11:38,460 [INFO] PluginManage:310 - Check plugin ipmanager
2026-01-23 11:11:38,469 [INFO] PluginManage:359 - Loaded plugin ipmanager (category:base,tabindex:5)
2026-01-23 11:11:38,469 [INFO] PluginManage:310 - Check plugin lpbam
2026-01-23 11:11:38,496 [INFO] PluginManage:359 - Loaded plugin lpbam (category:base,tabindex:0)
2026-01-23 11:11:38,496 [INFO] PluginManage:310 - Check plugin memorymap
2026-01-23 11:11:38,539 [INFO] PluginManage:359 - Loaded plugin memorymap (category:base,tabindex:4)
2026-01-23 11:11:38,539 [INFO] PluginManage:310 - Check plugin pinoutandconfiguration
2026-01-23 11:11:38,572 [INFO] PluginManage:359 - Loaded plugin pinoutandconfiguration (category:base,tabindex:1)
2026-01-23 11:11:38,572 [INFO] PluginManage:310 - Check plugin pinoutconfig
2026-01-23 11:11:38,703 [WARN] SupportedApi:132 - Cannot load RTOS API schema: s4s-elt-must-match.1: The content of 'definitions' must match (annotation?, (simpleType | complexType)?, (unique | key | keyref)*)). A problem was found starting at: attribute.
2026-01-23 11:11:38,889 [INFO] PluginManage:359 - Loaded plugin pinoutconfig (category:base,tabindex:0)
2026-01-23 11:11:38,890 [INFO] PluginManage:310 - Check plugin power
2026-01-23 11:11:38,924 [INFO] PluginManage:359 - Loaded plugin power (category:power,tabindex:4)
2026-01-23 11:11:38,925 [INFO] PluginManage:310 - Check plugin projectmanager
2026-01-23 11:11:38,942 [INFO] PluginManage:359 - Loaded plugin projectmanager (category:projectmanager,tabindex:4)
2026-01-23 11:11:38,942 [INFO] PluginManage:310 - Check plugin rif
2026-01-23 11:11:38,963 [INFO] PluginManage:359 - Loaded plugin rif (category:base,tabindex:3)
2026-01-23 11:11:38,963 [INFO] PluginManage:310 - Check plugin thirdparty
2026-01-23 11:11:39,421 [INFO] PluginManage:359 - Loaded plugin thirdparty (category:base,tabindex:-1)
2026-01-23 11:11:39,421 [INFO] PluginManage:310 - Check plugin tools
2026-01-23 11:11:39,422 [WARN] IntegrityCheckThread:84 - waiting for thirdparty lock release [integrity check]
2026-01-23 11:11:39,422 [INFO] IntegrityCheckThread:86 - entering critical section [integrity check]
2026-01-23 11:11:39,423 [INFO] ThirdPartyUpdaterWithRetryManager:70 - Updater plugin not ready yet. [1/15]
2026-01-23 11:11:39,483 [INFO] PluginManage:359 - Loaded plugin tools (category:base,tabindex:7)
2026-01-23 11:11:39,483 [INFO] PluginManage:310 - Check plugin tutovideos
2026-01-23 11:11:39,754 [INFO] PluginManage:359 - Loaded plugin tutovideos (category:base,tabindex:-1)
2026-01-23 11:11:39,754 [INFO] PluginManage:310 - Check plugin updater
2026-01-23 11:11:39,784 [INFO] PluginManage:359 - Loaded plugin updater (category:base,tabindex:12)
2026-01-23 11:11:39,784 [INFO] PluginManage:310 - Check plugin userauth
2026-01-23 11:11:39,792 [INFO] UserAuth:113 - Init User Auth plugin
2026-01-23 11:11:39,792 [INFO] PluginManage:359 - Loaded plugin userauth (category:base,tabindex:14)
2026-01-23 11:11:39,792 [INFO] PluginManage:283 - PluginManage : Loaded plugins [18]
2026-01-23 11:11:40,100 [INFO] PinOutPanel:1561 - setPackage(No Configuration,No Configuration)
2026-01-23 11:11:40,222 [INFO] CADModel:165 - CPN selected for project level
2026-01-23 11:11:40,222 [INFO] CADModel:114 - Register for checkConnection events
2026-01-23 11:11:40,264 [INFO] IPUIPlugin:80 - create IPUIPlugin
2026-01-23 11:11:40,265 [INFO] PluginManager:220 - loadIPPluginJar : add adc
2026-01-23 11:11:40,336 [INFO] IPUIPlugin:80 - create IPUIPlugin
2026-01-23 11:11:40,337 [INFO] PluginManager:220 - loadIPPluginJar : add aes
2026-01-23 11:11:40,420 [INFO] IPUIPlugin:80 - create IPUIPlugin
2026-01-23 11:11:40,420 [INFO] PluginManager:220 - loadIPPluginJar : add can
2026-01-23 11:11:40,476 [INFO] IPUIPlugin:80 - create IPUIPlugin
2026-01-23 11:11:40,476 [INFO] PluginManager:220 - loadIPPluginJar : add comp
2026-01-23 11:11:40,582 [INFO] IPUIPlugin:80 - create IPUIPlugin
2026-01-23 11:11:40,582 [INFO] PluginManager:220 - loadIPPluginJar : add cryp
2026-01-23 11:11:40,606 [INFO] IPUIPlugin:80 - create IPUIPlugin
2026-01-23 11:11:40,606 [INFO] PluginManager:220 - loadIPPluginJar : add ddr_ctrl_phy
2026-01-23 11:11:40,682 [INFO] IPUIPlugin:80 - create IPUIPlugin
2026-01-23 11:11:40,682 [INFO] PluginManager:220 - loadIPPluginJar : add dfsdm
2026-01-23 11:11:40,715 [INFO] IPUIPlugin:80 - create IPUIPlugin
2026-01-23 11:11:40,717 [INFO] PluginManager:220 - loadIPPluginJar : add dma
2026-01-23 11:11:40,818 [INFO] IPUIPlugin:80 - create IPUIPlugin
2026-01-23 11:11:40,818 [INFO] PluginManager:220 - loadIPPluginJar : add dma3
2026-01-23 11:11:40,907 [INFO] IPUIPlugin:80 - create IPUIPlugin
2026-01-23 11:11:40,907 [INFO] PluginManager:220 - loadIPPluginJar : add extmemmanager
2026-01-23 11:11:40,945 [INFO] IPUIPlugin:80 - create IPUIPlugin
2026-01-23 11:11:40,946 [INFO] PluginManager:220 - loadIPPluginJar : add fatfs
2026-01-23 11:11:41,060 [INFO] IPUIPlugin:80 - create IPUIPlugin
2026-01-23 11:11:41,061 [INFO] PluginManager:220 - loadIPPluginJar : add fmc
2026-01-23 11:11:41,119 [INFO] IPUIPlugin:80 - create IPUIPlugin
2026-01-23 11:11:41,120 [INFO] PluginManager:220 - loadIPPluginJar : add freertos
2026-01-23 11:11:41,155 [INFO] IPUIPlugin:80 - create IPUIPlugin
2026-01-23 11:11:41,155 [INFO] PluginManager:220 - loadIPPluginJar : add genericplugin
2026-01-23 11:11:41,325 [INFO] IPUIPlugin:80 - create IPUIPlugin
2026-01-23 11:11:41,326 [INFO] PluginManager:220 - loadIPPluginJar : add gfxmmu
2026-01-23 11:11:41,542 [INFO] IPUIPlugin:80 - create IPUIPlugin
2026-01-23 11:11:41,543 [INFO] PluginManager:220 - loadIPPluginJar : add gic
2026-01-23 11:11:41,575 [INFO] IPUIPlugin:80 - create IPUIPlugin
2026-01-23 11:11:41,575 [INFO] PluginManager:220 - loadIPPluginJar : add gpio
2026-01-23 11:11:41,758 [INFO] IPUIPlugin:80 - create IPUIPlugin
2026-01-23 11:11:41,758 [INFO] PluginManager:220 - loadIPPluginJar : add gtzc
2026-01-23 11:11:41,822 [INFO] IPUIPlugin:80 - create IPUIPlugin
2026-01-23 11:11:41,822 [INFO] PluginManager:220 - loadIPPluginJar : add hash
2026-01-23 11:11:41,931 [INFO] IPUIPlugin:80 - create IPUIPlugin
2026-01-23 11:11:41,932 [INFO] PluginManager:220 - loadIPPluginJar : add i2c
2026-01-23 11:11:41,998 [INFO] IPUIPlugin:80 - create IPUIPlugin
2026-01-23 11:11:41,998 [INFO] PluginManager:220 - loadIPPluginJar : add i2s
2026-01-23 11:11:42,076 [INFO] IPUIPlugin:80 - create IPUIPlugin
2026-01-23 11:11:42,076 [INFO] PluginManager:220 - loadIPPluginJar : add i3c
2026-01-23 11:11:42,281 [INFO] IPUIPlugin:80 - create IPUIPlugin
2026-01-23 11:11:42,281 [INFO] PluginManager:220 - loadIPPluginJar : add ipddr
2026-01-23 11:11:42,424 [INFO] ThirdPartyUpdaterWithRetryManager:70 - Updater plugin not ready yet. [2/15]
2026-01-23 11:11:42,468 [INFO] IPUIPlugin:80 - create IPUIPlugin
2026-01-23 11:11:42,468 [INFO] PluginManager:220 - loadIPPluginJar : add linkedlist
2026-01-23 11:11:42,538 [INFO] IPUIPlugin:80 - create IPUIPlugin
2026-01-23 11:11:42,538 [INFO] PluginManager:220 - loadIPPluginJar : add lorawan
2026-01-23 11:11:42,604 [INFO] IPUIPlugin:80 - create IPUIPlugin
2026-01-23 11:11:42,604 [INFO] PluginManager:220 - loadIPPluginJar : add ltdc
2026-01-23 11:11:42,626 [INFO] IPUIPlugin:80 - create IPUIPlugin
2026-01-23 11:11:42,626 [INFO] PluginManager:220 - loadIPPluginJar : add mdma
2026-01-23 11:11:42,650 [INFO] IPUIPlugin:80 - create IPUIPlugin
2026-01-23 11:11:42,650 [INFO] PluginManager:220 - loadIPPluginJar : add nvic
2026-01-23 11:11:42,726 [INFO] IPUIPlugin:80 - create IPUIPlugin
2026-01-23 11:11:42,726 [INFO] PluginManager:220 - loadIPPluginJar : add opamp
2026-01-23 11:11:42,826 [INFO] IPUIPlugin:80 - create IPUIPlugin
2026-01-23 11:11:42,826 [INFO] PluginManager:220 - loadIPPluginJar : add openamp
2026-01-23 11:11:42,902 [INFO] IPUIPlugin:80 - create IPUIPlugin
2026-01-23 11:11:42,902 [INFO] PluginManager:220 - loadIPPluginJar : add pdm2pcm
2026-01-23 11:11:42,939 [INFO] IPUIPlugin:80 - create IPUIPlugin
2026-01-23 11:11:42,943 [INFO] PluginManager:220 - loadIPPluginJar : add plateformsettings
2026-01-23 11:11:42,985 [INFO] IPUIPlugin:80 - create IPUIPlugin
2026-01-23 11:11:42,985 [INFO] PluginManager:220 - loadIPPluginJar : add quadspi
2026-01-23 11:11:43,035 [INFO] IPUIPlugin:80 - create IPUIPlugin
2026-01-23 11:11:43,035 [INFO] PluginManager:220 - loadIPPluginJar : add radio
2026-01-23 11:11:43,058 [INFO] IPUIPlugin:80 - create IPUIPlugin
2026-01-23 11:11:43,058 [INFO] PluginManager:220 - loadIPPluginJar : add resmgrutility
2026-01-23 11:11:43,144 [INFO] IPUIPlugin:80 - create IPUIPlugin
2026-01-23 11:11:43,144 [INFO] PluginManager:220 - loadIPPluginJar : add sai
2026-01-23 11:11:43,219 [INFO] IPUIPlugin:80 - create IPUIPlugin
2026-01-23 11:11:43,220 [INFO] PluginManager:220 - loadIPPluginJar : add spi
2026-01-23 11:11:43,326 [INFO] IPUIPlugin:80 - create IPUIPlugin
2026-01-23 11:11:43,326 [INFO] PluginManager:220 - loadIPPluginJar : add stm32_wpan
2026-01-23 11:11:43,368 [INFO] IPUIPlugin:80 - create IPUIPlugin
2026-01-23 11:11:43,368 [INFO] PluginManager:220 - loadIPPluginJar : add tim
2026-01-23 11:11:43,465 [INFO] IPUIPlugin:80 - create IPUIPlugin
2026-01-23 11:11:43,465 [INFO] PluginManager:220 - loadIPPluginJar : add touchsensing
2026-01-23 11:11:43,503 [INFO] IPUIPlugin:80 - create IPUIPlugin
2026-01-23 11:11:43,504 [INFO] PluginManager:220 - loadIPPluginJar : add tracer_emb
2026-01-23 11:11:43,549 [INFO] IPUIPlugin:80 - create IPUIPlugin
2026-01-23 11:11:43,550 [INFO] PluginManager:220 - loadIPPluginJar : add ts
2026-01-23 11:11:43,599 [INFO] IPUIPlugin:80 - create IPUIPlugin
2026-01-23 11:11:43,600 [INFO] PluginManager:220 - loadIPPluginJar : add tsc
2026-01-23 11:11:43,641 [INFO] IPUIPlugin:80 - create IPUIPlugin
2026-01-23 11:11:43,642 [INFO] PluginManager:220 - loadIPPluginJar : add ucpd
2026-01-23 11:11:43,749 [INFO] IPUIPlugin:80 - create IPUIPlugin
2026-01-23 11:11:43,749 [INFO] PluginManager:220 - loadIPPluginJar : add usart
2026-01-23 11:11:43,818 [INFO] IPUIPlugin:80 - create IPUIPlugin
2026-01-23 11:11:43,819 [INFO] PluginManager:220 - loadIPPluginJar : add usbx
2026-01-23 11:11:43,967 [INFO] CADModel:165 - CPN selected for project level
2026-01-23 11:11:43,968 [INFO] CADModel:114 - Register for checkConnection events
2026-01-23 11:11:43,968 [FATAL] Updater:334 - Updater called before beeing initialized
2026-01-23 11:11:43,968 [ERROR] CADModel:125 - Updater not yet initialized, retry later 
2026-01-23 11:11:44,210 [INFO] CADModel:165 - CPN selected for project level
2026-01-23 11:11:44,210 [INFO] CADModel:114 - Register for checkConnection events
2026-01-23 11:11:44,210 [FATAL] Updater:334 - Updater called before beeing initialized
2026-01-23 11:11:44,210 [ERROR] CADModel:125 - Updater not yet initialized, retry later 
2026-01-23 11:11:44,215 [FATAL] Updater:334 - Updater called before beeing initialized
2026-01-23 11:11:44,343 [FATAL] Updater:334 - Updater called before beeing initialized
2026-01-23 11:11:44,358 [INFO] DbMcusAds:53 - JSON generation date=Thu Jan 08 07:56:59 PST 2026 (1767887819573)
2026-01-23 11:11:44,358 [FATAL] Updater:334 - Updater called before beeing initialized
2026-01-23 11:11:44,417 [WARN] DetailPanel:346 - Failed to get advertising image, set to default
2026-01-23 11:11:44,522 [FATAL] Updater:334 - Updater called before beeing initialized
2026-01-23 11:11:44,524 [FATAL] Updater:334 - Updater called before beeing initialized
2026-01-23 11:11:44,524 [FATAL] Updater:334 - Updater called before beeing initialized
2026-01-23 11:11:44,524 [WARN] DetailPanel:346 - Failed to get advertising image, set to default
2026-01-23 11:11:44,525 [FATAL] Updater:334 - Updater called before beeing initialized
2026-01-23 11:11:44,622 [ERROR] Updater:1164 - MainUpdater not yet initialized. External WinMGr cannot be set.
2026-01-23 11:11:44,642 [INFO] Updater:1100 - Updater Version found : 6.12.1
2026-01-23 11:11:44,679 [INFO] ApplicationProperties:184 - Using Application install path: C:\ST\STM32CubeIDE_1.16.1\STM32CubeIDE\plugins\com.st.stm32cube.common.mx_6.12.1.202409122256
2026-01-23 11:11:45,425 [INFO] ThirdPartyUpdaterWithRetryManager:70 - Updater plugin not ready yet. [3/15]
2026-01-23 11:11:46,296 [ERROR] LogOutputStream:75 - [STDERR_REDIRECT] Jan 23, 2026 11:11:46 AM java.util.prefs.WindowsPreferences <init>
2026-01-23 11:11:46,300 [ERROR] LogOutputStream:75 - [STDERR_REDIRECT] WARNING: Could not open/create prefs root node Software\JavaSoft\Prefs at root 0xffffffff80000002. Windows RegCreateKeyEx(...) returned error code 5.
2026-01-23 11:11:46,300 [ERROR] LogOutputStream:75 - [STDERR_REDIRECT] 
2026-01-23 11:11:46,819 [INFO] MainUpdater:2873 - connection check result : 10
2026-01-23 11:11:46,820 [INFO] MainUpdater:290 - Updater Check For Update Now.
2026-01-23 11:11:46,820 [INFO] MicroXplorer:498 - Change Database Version : DB.6.0.121
2026-01-23 11:11:46,859 [INFO] McuFinderGlobals:63 - Set McuFinder mode to 2 (CubeIDE integrated)
2026-01-23 11:11:46,879 [INFO] UserAuth:417 - Internet connection configuration mode: 1
2026-01-23 11:11:46,949 [INFO] JxBrowserEngine:152 - Initiate JxBrowser Engine with user profile folder
2026-01-23 11:11:47,115 [INFO] CheckServerUpdateThread:120 - End of CheckServer Thread
2026-01-23 11:11:48,842 [WARN] PackLoader:240 - Cannot read IP mode file for STMicroelectronics.FP-SNS-MOTENVWB1.1.4.0
2026-01-23 11:11:48,873 [WARN] PackLoader:240 - Cannot read IP mode file for STMicroelectronics.FP-ATR-ASTRA1.2.0.2
2026-01-23 11:11:48,889 [WARN] PackLoader:240 - Cannot read IP mode file for STMicroelectronics.FP-ATR-ASTRA1.2.0.1
2026-01-23 11:11:48,909 [WARN] PackLoader:240 - Cannot read IP mode file for STMicroelectronics.X-CUBE-SMBUS.2.1.0
2026-01-23 11:11:48,941 [WARN] PackLoader:240 - Cannot read IP mode file for STMicroelectronics.X-CUBE-WB05N.1.1.0
2026-01-23 11:11:48,960 [ERROR] Engine:466 - C:\Users\Jonat\.stm32cubemx\thirdparties\pdsc\STMicroelectronics.X-CUBE-ST60.1.0.0.pdsc: PDSC version is not supported
2026-01-23 11:11:49,077 [WARN] PackLoader:240 - Cannot read IP mode file for STMicroelectronics.X-CUBE-AZRTOS-F7.1.1.0
2026-01-23 11:11:49,246 [WARN] PackLoader:240 - Cannot read IP mode file for STMicroelectronics.X-CUBE-MEMS1.11.0.0
2026-01-23 11:11:49,352 [WARN] PackLoader:240 - Cannot read IP mode file for STMicroelectronics.FP-SNS-FLIGHT1.5.0.2
2026-01-23 11:11:49,410 [WARN] PackLoader:240 - Cannot read IP mode file for STMicroelectronics.X-CUBE-AZRTOS-H7.3.4.0
2026-01-23 11:11:49,440 [WARN] PackLoader:240 - Cannot read IP mode file for STMicroelectronics.X-CUBE-DISPLAY.3.0.0
2026-01-23 11:11:49,478 [WARN] PackLoader:240 - Cannot read IP mode file for STMicroelectronics.X-CUBE-BLE1.7.0.0
2026-01-23 11:11:49,511 [WARN] PackLoader:240 - Cannot read IP mode file for STMicroelectronics.X-CUBE-NFC10.1.0.0
2026-01-23 11:11:49,546 [WARN] PackLoader:240 - Cannot read IP mode file for STMicroelectronics.X-CUBE-BLEMGR.4.0.0
2026-01-23 11:11:49,578 [WARN] PackLoader:240 - Cannot read IP mode file for emotas.I-CUBE-CANOPEN.1.3.0
2026-01-23 11:11:49,612 [WARN] PackLoader:240 - Cannot read IP mode file for STMicroelectronics.X-CUBE-BLEMGR.3.1.0
2026-01-23 11:11:49,644 [WARN] PackLoader:240 - Cannot read IP mode file for STMicroelectronics.X-CUBE-AI.10.0.0
2026-01-23 11:11:49,671 [ERROR] Engine:466 - C:\Users\Jonat\.stm32cubemx\thirdparties\pdsc\STMicroelectronics.FP-SNS-STBOX1.2.1.0.pdsc: PDSC version is not supported
2026-01-23 11:11:49,692 [WARN] PackLoader:240 - Cannot read IP mode file for STMicroelectronics.FP-SNS-SMARTAG2.1.2.0
2026-01-23 11:11:49,713 [ERROR] Engine:466 - C:\Users\Jonat\.stm32cubemx\thirdparties\pdsc\STMicroelectronics.FP-SNS-FLIGHT1.5.1.0.pdsc: PDSC version is not supported
2026-01-23 11:11:49,768 [WARN] PackLoader:240 - Cannot read IP mode file for STMicroelectronics.X-CUBE-MEMS1.11.1.0
2026-01-23 11:11:49,945 [INFO] LogOutputStream:77 - [STDOUT_REDIRECT] 1 : Invalid condition id : UX_CORESTACK_Condition cause : null
2026-01-23 11:11:49,946 [INFO] LogOutputStream:77 - [STDOUT_REDIRECT] 1 : Invalid condition id : UX_CORESTACK_Condition cause : null
2026-01-23 11:11:49,947 [INFO] LogOutputStream:77 - [STDOUT_REDIRECT] 1 : Invalid condition id : UX_CORESTACK_Condition cause : null
2026-01-23 11:11:49,948 [INFO] LogOutputStream:77 - [STDOUT_REDIRECT] 1 : Invalid condition id : UX_CORESTACK_Condition cause : null
2026-01-23 11:11:49,949 [INFO] LogOutputStream:77 - [STDOUT_REDIRECT] 1 : Invalid condition id : UX_CORESTACK_Condition cause : null
2026-01-23 11:11:49,953 [WARN] PackLoader:240 - Cannot read IP mode file for STMicroelectronics.X-CUBE-AZRTOS-WL.2.0.0
2026-01-23 11:11:49,982 [WARN] PackLoader:240 - Cannot read IP mode file for STMicroelectronics.FP-SNS-MOTENV1.5.0.0
2026-01-23 11:11:50,012 [WARN] PackLoader:240 - Cannot read IP mode file for wolfSSL.I-CUBE-wolfMQTT.1.19.0
2026-01-23 11:11:50,041 [WARN] PackLoader:240 - Cannot read IP mode file for WES.I-CUBE-Cesium.1.3.0
2026-01-23 11:11:50,068 [WARN] PackLoader:240 - Cannot read IP mode file for STMicroelectronics.X-CUBE-BLE2.3.3.0
2026-01-23 11:11:50,088 [ERROR] Engine:466 - C:\Users\Jonat\.stm32cubemx\thirdparties\pdsc\Avnet-IOTCONNECT.X-CUBE-iotc-st67-sdk.1.0.0.pdsc: PDSC version is not supported
2026-01-23 11:11:50,114 [WARN] PackLoader:240 - Cannot read IP mode file for STMicroelectronics.X-CUBE-NFC9.1.0.0
2026-01-23 11:11:50,138 [WARN] PackLoader:240 - Cannot read IP mode file for STMicroelectronics.X-CUBE-BLE1.7.1.0
2026-01-23 11:11:50,170 [WARN] PackLoader:240 - Cannot read IP mode file for STMicroelectronics.X-CUBE-TCPP.4.1.0
2026-01-23 11:11:50,192 [ERROR] Engine:466 - C:\Users\Jonat\.stm32cubemx\thirdparties\pdsc\STMicroelectronics.X-CUBE-FREERTOS.1.4.0.pdsc: PDSC version is not supported
2026-01-23 11:11:50,226 [WARN] PackLoader:240 - Cannot read IP mode file for STMicroelectronics.X-CUBE-EEPRMA1.5.2.0
2026-01-23 11:11:50,334 [WARN] PackLoader:240 - Cannot read IP mode file for STMicroelectronics.X-CUBE-MEMS1.11.2.0
2026-01-23 11:11:50,490 [WARN] PackLoader:240 - Cannot read IP mode file for STMicroelectronics.X-CUBE-AZRTOS-G0.1.1.0
2026-01-23 11:11:50,528 [WARN] PackLoader:240 - Cannot read IP mode file for STMicroelectronics.X-CUBE-SAFEA1.1.2.2
2026-01-23 11:11:50,556 [WARN] PackLoader:240 - Cannot read IP mode file for STMicroelectronics.X-CUBE-NFC4.3.0.0
2026-01-23 11:11:50,587 [WARN] PackLoader:240 - Cannot read IP mode file for EmbeddedOffice.I-CUBE-FS-RTOS.1.0.1
2026-01-23 11:11:50,587 [ERROR] ConditionMgr:805 - Attr not supported : Dmpu
2026-01-23 11:11:50,587 [ERROR] ConditionMgr:805 - Attr not supported : Dmpu
2026-01-23 11:11:50,587 [ERROR] ConditionMgr:805 - Attr not supported : Dmpu
2026-01-23 11:11:50,587 [ERROR] ConditionMgr:805 - Attr not supported : Dmpu
2026-01-23 11:11:50,587 [ERROR] ConditionMgr:805 - Attr not supported : Dmpu
2026-01-23 11:11:50,587 [ERROR] ConditionMgr:805 - Attr not supported : Dmpu
2026-01-23 11:11:50,587 [ERROR] ConditionMgr:805 - Attr not supported : Dmpu
2026-01-23 11:11:50,587 [ERROR] ConditionMgr:805 - Attr not supported : Dmpu
2026-01-23 11:11:50,587 [ERROR] ConditionMgr:805 - Attr not supported : Dmpu
2026-01-23 11:11:50,587 [ERROR] ConditionMgr:805 - Attr not supported : Dmpu
2026-01-23 11:11:50,587 [ERROR] ConditionMgr:805 - Attr not supported : Dmpu
2026-01-23 11:11:50,587 [ERROR] ConditionMgr:805 - Attr not supported : Dmpu
2026-01-23 11:11:50,587 [ERROR] ConditionMgr:805 - Attr not supported : Dmpu
2026-01-23 11:11:50,587 [ERROR] ConditionMgr:805 - Attr not supported : Dmpu
2026-01-23 11:11:50,587 [ERROR] ConditionMgr:805 - Attr not supported : Dmpu
2026-01-23 11:11:50,587 [ERROR] ConditionMgr:805 - Attr not supported : Dmpu
2026-01-23 11:11:50,587 [ERROR] ConditionMgr:805 - Attr not supported : Dmpu
2026-01-23 11:11:50,588 [ERROR] ConditionMgr:805 - Attr not supported : Dmpu
2026-01-23 11:11:50,588 [ERROR] ConditionMgr:805 - Attr not supported : Dmpu
2026-01-23 11:11:50,588 [ERROR] ConditionMgr:805 - Attr not supported : Dmpu
2026-01-23 11:11:50,588 [ERROR] ConditionMgr:805 - Attr not supported : Dmpu
2026-01-23 11:11:50,588 [ERROR] ConditionMgr:805 - Attr not supported : Dmpu
2026-01-23 11:11:50,588 [ERROR] ConditionMgr:805 - Attr not supported : Dmpu
2026-01-23 11:11:50,588 [ERROR] ConditionMgr:805 - Attr not supported : Dmpu
2026-01-23 11:11:50,588 [ERROR] ConditionMgr:805 - Attr not supported : Dmpu
2026-01-23 11:11:50,588 [ERROR] ConditionMgr:805 - Attr not supported : Dmpu
2026-01-23 11:11:50,588 [ERROR] ConditionMgr:805 - Attr not supported : Dmpu
2026-01-23 11:11:50,588 [ERROR] ConditionMgr:805 - Attr not supported : Dmpu
2026-01-23 11:11:50,588 [ERROR] ConditionMgr:805 - Attr not supported : Dmpu
2026-01-23 11:11:50,588 [ERROR] ConditionMgr:805 - Attr not supported : Dmpu
2026-01-23 11:11:50,588 [ERROR] ConditionMgr:805 - Attr not supported : Dmpu
2026-01-23 11:11:50,588 [ERROR] ConditionMgr:805 - Attr not supported : Dmpu
2026-01-23 11:11:50,588 [ERROR] ConditionMgr:805 - Attr not supported : Dmpu
2026-01-23 11:11:50,588 [ERROR] ConditionMgr:805 - Attr not supported : Dmpu
2026-01-23 11:11:50,588 [ERROR] ConditionMgr:805 - Attr not supported : Dmpu
2026-01-23 11:11:50,588 [ERROR] ConditionMgr:805 - Attr not supported : Dmpu
2026-01-23 11:11:50,588 [ERROR] ConditionMgr:805 - Attr not supported : Dmpu
2026-01-23 11:11:50,588 [ERROR] ConditionMgr:805 - Attr not supported : Dmpu
2026-01-23 11:11:50,588 [ERROR] ConditionMgr:805 - Attr not supported : Dmpu
2026-01-23 11:11:50,588 [ERROR] ConditionMgr:805 - Attr not supported : Dmpu
2026-01-23 11:11:50,588 [ERROR] ConditionMgr:805 - Attr not supported : Dmpu
2026-01-23 11:11:50,588 [ERROR] ConditionMgr:805 - Attr not supported : Dmpu
2026-01-23 11:11:50,588 [ERROR] ConditionMgr:805 - Attr not supported : Dmpu
2026-01-23 11:11:50,588 [ERROR] ConditionMgr:805 - Attr not supported : Dmpu
2026-01-23 11:11:50,588 [ERROR] ConditionMgr:805 - Attr not supported : Dmpu
2026-01-23 11:11:50,588 [ERROR] ConditionMgr:805 - Attr not supported : Dmpu
2026-01-23 11:11:50,588 [ERROR] ConditionMgr:805 - Attr not supported : Dmpu
2026-01-23 11:11:50,589 [ERROR] ConditionMgr:805 - Attr not supported : Dmpu
2026-01-23 11:11:50,589 [ERROR] ConditionMgr:805 - Attr not supported : Dmpu
2026-01-23 11:11:50,589 [ERROR] ConditionMgr:805 - Attr not supported : Dmpu
2026-01-23 11:11:50,589 [ERROR] ConditionMgr:805 - Attr not supported : Dmpu
2026-01-23 11:11:50,589 [ERROR] ConditionMgr:805 - Attr not supported : Dmpu
2026-01-23 11:11:50,589 [ERROR] ConditionMgr:805 - Attr not supported : Dmpu
2026-01-23 11:11:50,589 [ERROR] ConditionMgr:805 - Attr not supported : Dmpu
2026-01-23 11:11:50,589 [ERROR] ConditionMgr:805 - Attr not supported : Dmpu
2026-01-23 11:11:50,589 [ERROR] ConditionMgr:805 - Attr not supported : Dmpu
2026-01-23 11:11:50,589 [ERROR] ConditionMgr:805 - Attr not supported : Dmpu
2026-01-23 11:11:50,589 [ERROR] ConditionMgr:805 - Attr not supported : Dmpu
2026-01-23 11:11:50,589 [ERROR] ConditionMgr:805 - Attr not supported : Dmpu
2026-01-23 11:11:50,589 [ERROR] ConditionMgr:805 - Attr not supported : Dmpu
2026-01-23 11:11:50,589 [ERROR] ConditionMgr:805 - Attr not supported : Dmpu
2026-01-23 11:11:50,589 [ERROR] ConditionMgr:805 - Attr not supported : Dmpu
2026-01-23 11:11:50,589 [ERROR] ConditionMgr:805 - Attr not supported : Dmpu
2026-01-23 11:11:50,589 [ERROR] ConditionMgr:805 - Attr not supported : Dmpu
2026-01-23 11:11:50,611 [WARN] PackLoader:240 - Cannot read IP mode file for STMicroelectronics.X-CUBE-WB05N.2.0.0
2026-01-23 11:11:50,638 [ERROR] Engine:466 - C:\Users\Jonat\.stm32cubemx\thirdparties\pdsc\STMicroelectronics.X-CUBE-TCPP.4.2.0.pdsc: PDSC version is not supported
2026-01-23 11:11:50,667 [WARN] PackLoader:240 - Cannot read IP mode file for RealThread.X-CUBE-RT-Thread_Nano.4.1.1
2026-01-23 11:11:50,702 [WARN] PackLoader:240 - Cannot read IP mode file for STMicroelectronics.FP-ATR-SIGFOX1.3.2.0
2026-01-23 11:11:50,743 [WARN] ConditionMgr:438 - getConditionDescription Invalid condition id : Cortex-A Device cause : null
2026-01-23 11:11:50,819 [WARN] ConditionMgr:1039 - genDependencies : Invalid condition id : Cortex-A Device cause : null
2026-01-23 11:11:50,819 [WARN] ConditionMgr:1039 - genDependencies : Invalid condition id : Cortex-A Device cause : null
2026-01-23 11:11:50,819 [WARN] ConditionMgr:1039 - genDependencies : Invalid condition id : Cortex-A Device cause : null
2026-01-23 11:11:50,854 [WARN] PackLoader:240 - Cannot read IP mode file for STMicroelectronics.X-CUBE-EEPRMA1.5.1.0
2026-01-23 11:11:50,896 [WARN] PackLoader:240 - Cannot read IP mode file for wolfSSL.I-CUBE-wolfSSL.5.7.4
2026-01-23 11:11:50,930 [WARN] PackLoader:240 - Cannot read IP mode file for ITTIA_DB.I-CUBE-ITTIADB.8.9.0
2026-01-23 11:11:50,973 [WARN] PackLoader:240 - Cannot read IP mode file for STMicroelectronics.X-CUBE-NFC6.3.2.0
2026-01-23 11:11:51,000 [ERROR] Engine:466 - C:\Users\Jonat\.stm32cubemx\thirdparties\pdsc\STMicroelectronics.X-CUBE-ST67W61.1.0.0.pdsc: PDSC version is not supported
2026-01-23 11:11:51,017 [WARN] PackLoader:240 - Cannot read IP mode file for STMicroelectronics.X-CUBE-AI.10.2.0
2026-01-23 11:11:51,057 [WARN] PackLoader:240 - Cannot read IP mode file for SEGGER.I-CUBE-embOS.1.3.1
2026-01-23 11:11:51,123 [WARN] PackLoader:240 - Cannot read IP mode file for STMicroelectronics.X-CUBE-ALGOBUILD.1.4.0
2026-01-23 11:11:51,188 [WARN] PackLoader:240 - Cannot read IP mode file for STMicroelectronics.X-CUBE-MEMS1.11.3.0
2026-01-23 11:11:51,318 [WARN] PackLoader:240 - Cannot read IP mode file for STMicroelectronics.X-CUBE-AI.9.1.0
2026-01-23 11:11:51,347 [WARN] PackLoader:240 - Cannot read IP mode file for STMicroelectronics.X-CUBE-PM33A1.1.0.0
2026-01-23 11:11:51,390 [WARN] PackLoader:240 - Cannot read IP mode file for STMicroelectronics.X-CUBE-AZRTOS-F4.1.1.0
2026-01-23 11:11:51,445 [ERROR] Engine:466 - C:\Users\Jonat\.stm32cubemx\thirdparties\pdsc\Avnet-IotConnect.X-CUBE-IoTC-DA16k-PMOD.1.0.0.pdsc: PDSC version is not supported
2026-01-23 11:11:51,479 [WARN] PackLoader:240 - Cannot read IP mode file for STMicroelectronics.X-CUBE-ISPU.2.1.0
2026-01-23 11:11:51,519 [WARN] PackLoader:240 - Cannot read IP mode file for STMicroelectronics.X-CUBE-FREERTOS.1.2.0
2026-01-23 11:11:51,552 [WARN] PackLoader:240 - Cannot read IP mode file for STMicroelectronics.X-CUBE-NFC12.1.0.0
2026-01-23 11:11:51,612 [WARN] PackLoader:240 - Cannot read IP mode file for STMicroelectronics.X-CUBE-AZRTOS-L5.2.0.0
2026-01-23 11:11:51,637 [WARN] PackLoader:240 - Cannot read IP mode file for STMicroelectronics.X-CUBE-NFC6.3.1.0
2026-01-23 11:11:51,664 [WARN] PackLoader:240 - Cannot read IP mode file for STMicroelectronics.X-CUBE-DPower.1.2.0
2026-01-23 11:11:51,687 [WARN] PackLoader:240 - Cannot read IP mode file for STMicroelectronics.X-CUBE-FREERTOS.1.3.1
2026-01-23 11:11:51,717 [WARN] PackLoader:240 - Cannot read IP mode file for STMicroelectronics.X-CUBE-FREERTOS.1.3.0
2026-01-23 11:11:51,750 [WARN] PackLoader:240 - Cannot read IP mode file for STMicroelectronics.X-CUBE-NFC7.1.0.1
2026-01-23 11:11:51,797 [WARN] PackLoader:240 - Cannot read IP mode file for STMicroelectronics.X-CUBE-TOUCHGFX.4.26.0
2026-01-23 11:11:51,828 [ERROR] Engine:466 - C:\Users\Jonat\.stm32cubemx\thirdparties\pdsc\STMicroelectronics.FP-SNS-STAIOTCFT.1.0.0.pdsc: PDSC version is not supported
2026-01-23 11:11:51,851 [WARN] PackLoader:240 - Cannot read IP mode file for STMicroelectronics.X-CUBE-DPower.1.3.0
2026-01-23 11:11:51,902 [WARN] ConditionMgr:438 - getConditionDescription Invalid condition id : LAN8742 Phy interface Condition cause : null
2026-01-23 11:11:51,903 [WARN] PackLoader:240 - Cannot read IP mode file for STMicroelectronics.X-CUBE-AZRTOS-L4.2.0.0
2026-01-23 11:11:51,904 [WARN] ConditionMgr:1039 - genDependencies : Invalid condition id : LAN8742 Phy interface Condition cause : null
2026-01-23 11:11:51,904 [WARN] ConditionMgr:1039 - genDependencies : Invalid condition id : LAN8742 Phy interface Condition cause : null
2026-01-23 11:11:51,905 [WARN] ConditionMgr:1039 - genDependencies : Invalid condition id : LAN8742 Phy interface Condition cause : null
2026-01-23 11:11:51,950 [WARN] PackLoader:240 - Cannot read IP mode file for STMicroelectronics.X-CUBE-SFXS2LP1.4.0.0
2026-01-23 11:11:51,976 [ERROR] Engine:466 - C:\Users\Jonat\.stm32cubemx\thirdparties\pdsc\STMicroelectronics.X-CUBE-ST67W61.1.2.0.pdsc: PDSC version is not supported
2026-01-23 11:11:52,008 [WARN] PackLoader:240 - Cannot read IP mode file for STMicroelectronics.X-CUBE-AZRTOS-H7.3.3.0
2026-01-23 11:11:52,028 [ERROR] Engine:466 - C:\Users\Jonat\.stm32cubemx\thirdparties\pdsc\STMicroelectronics.X-CUBE-BLEMGR.4.1.0.pdsc: PDSC version is not supported
2026-01-23 11:11:52,074 [WARN] PackLoader:240 - Cannot read IP mode file for STMicroelectronics.X-CUBE-IPS.3.0.0
2026-01-23 11:11:52,116 [WARN] ConditionMgr:438 - getConditionDescription Invalid condition id : UX DEVICE CLASS RTOS Condition cause : null
2026-01-23 11:11:52,116 [WARN] ConditionMgr:438 - getConditionDescription Invalid condition id : UX DEVICE CLASS RTOS Condition cause : null
2026-01-23 11:11:52,117 [WARN] PackLoader:240 - Cannot read IP mode file for STMicroelectronics.X-CUBE-AZRTOS-WB.2.0.0
2026-01-23 11:11:52,118 [WARN] ConditionMgr:1039 - genDependencies : Invalid condition id : UX DEVICE CLASS RTOS Condition cause : null
2026-01-23 11:11:52,118 [WARN] ConditionMgr:1039 - genDependencies : Invalid condition id : UX DEVICE CLASS RTOS Condition cause : null
2026-01-23 11:11:52,118 [WARN] ConditionMgr:1039 - genDependencies : Invalid condition id : UX DEVICE CLASS RTOS Condition cause : null
2026-01-23 11:11:52,118 [WARN] ConditionMgr:1039 - genDependencies : Invalid condition id : UX DEVICE CLASS RTOS Condition cause : null
2026-01-23 11:11:52,118 [WARN] ConditionMgr:1039 - genDependencies : Invalid condition id : UX DEVICE CLASS RTOS Condition cause : null
2026-01-23 11:11:52,144 [WARN] PackLoader:240 - Cannot read IP mode file for STMicroelectronics.X-CUBE-GNSS1.7.0.0
2026-01-23 11:11:52,166 [WARN] PackLoader:240 - Cannot read IP mode file for STMicroelectronics.X-CUBE-GNSS1.7.0.1
2026-01-23 11:11:52,192 [WARN] PackLoader:240 - Cannot read IP mode file for STMicroelectronics.X-CUBE-TOUCHGFX.4.25.0
2026-01-23 11:11:52,227 [WARN] PackLoader:240 - Cannot read IP mode file for STMicroelectronics.FP-SNS-STBOX1.2.0.0
2026-01-23 11:11:52,261 [WARN] PackLoader:240 - Cannot read IP mode file for STMicroelectronics.X-CUBE-STSE01.2.0.0
2026-01-23 11:11:52,331 [WARN] PackLoader:240 - Cannot read IP mode file for STMicroelectronics.X-CUBE-SUBG2.5.0.0
2026-01-23 11:11:52,427 [WARN] PackLoader:240 - Cannot read IP mode file for STMicroelectronics.X-CUBE-AZRTOS-H7RS.1.1.0
2026-01-23 11:11:53,750 [WARN] PackLoader:240 - Cannot read IP mode file for Cesanta.I-CUBE-Mongoose.7.13.0
2026-01-23 11:11:53,782 [WARN] PackLoader:240 - Cannot read IP mode file for STMicroelectronics.X-CUBE-AZRTOS-G4.2.0.0
2026-01-23 11:11:53,801 [WARN] PackLoader:240 - Cannot read IP mode file for STMicroelectronics.X-CUBE-NFC7.2.0.0
2026-01-23 11:11:53,827 [ERROR] Engine:466 - C:\Users\Jonat\.stm32cubemx\thirdparties\pdsc\STMicroelectronics.X-CUBE-IPS.3.1.0.pdsc: PDSC version is not supported
2026-01-23 11:11:53,845 [WARN] PackLoader:240 - Cannot read IP mode file for STMicroelectronics.X-CUBE-ALS.1.0.2
2026-01-23 11:11:53,867 [WARN] PackLoader:240 - Cannot read IP mode file for STMicroelectronics.X-CUBE-TOUCHGFX.4.24.1
2026-01-23 11:11:53,885 [WARN] PackLoader:240 - Cannot read IP mode file for STMicroelectronics.X-CUBE-STSE01.1.0.0
2026-01-23 11:11:53,913 [WARN] PackLoader:240 - Cannot read IP mode file for wolfSSL.I-CUBE-wolfTPM.3.4.0
2026-01-23 11:11:53,937 [WARN] PackLoader:240 - Cannot read IP mode file for portGmbH.I-Cube-SoM-uGOAL.1.1.0
2026-01-23 11:11:54,023 [WARN] PackLoader:240 - Cannot read IP mode file for STMicroelectronics.X-CUBE-AZRTOS-H7RS.1.0.0
2026-01-23 11:11:54,065 [WARN] PackLoader:240 - Cannot read IP mode file for STMicroelectronics.X-CUBE-TOF1.3.4.2
2026-01-23 11:11:54,143 [ERROR] Engine:466 - C:\Users\Jonat\.stm32cubemx\thirdparties\pdsc\STMicroelectronics.X-CUBE-TOF1.3.4.3.pdsc: PDSC version is not supported
2026-01-23 11:11:54,300 [WARN] PackLoader:240 - Cannot read IP mode file for Infineon.AIROC-Wi-Fi-Bluetooth-STM32.1.6.1
2026-01-23 11:11:54,388 [WARN] PackLoader:240 - Cannot read IP mode file for wolfSSL.I-CUBE-wolfSSH.1.4.17
2026-01-23 11:11:54,389 [INFO] ThirdParty:978 - Integrity check success = true
2026-01-23 11:11:54,389 [INFO] IntegrityCheckThread:100 - exiting critical section [integrity check]
2026-01-23 11:11:54,389 [INFO] IntegrityCheckThread:103 - End integrity checks thread
2026-01-23 11:11:54,861 [INFO] WebApp:167 - Instantiating new browser for Auth
2026-01-23 11:11:55,846 [INFO] WebApp:448 - Apply proxy settings
2026-01-23 11:11:55,847 [INFO] WebApp:533 - Chromium requires no authentication
2026-01-23 11:11:55,860 [INFO] WebApp:476 - Direct internet connection detected
2026-01-23 11:11:55,907 [INFO] WebApp:869 - Register for checkConnection events
2026-01-23 11:11:55,907 [INFO] WebApp:448 - Apply proxy settings
2026-01-23 11:11:55,907 [INFO] WebApp:533 - Chromium requires no authentication
2026-01-23 11:11:55,908 [INFO] WebApp:476 - Direct internet connection detected
2026-01-23 11:11:56,062 [INFO] WebApp:186 - Connection restablished
2026-01-23 11:11:56,156 [INFO] WebApp:220 - Starting web application
2026-01-23 11:11:56,156 [INFO] WebApp:578 - Web application path used C:\ST\STM32CubeIDE_1.16.1\STM32CubeIDE\plugins\com.st.stm32cube.common.mx_6.12.1.202409122256\db\plugins\mcufinder\reactClient1\index.html
2026-01-23 11:11:56,462 [INFO] UserAuth:417 - Internet connection configuration mode: 1
2026-01-23 11:41:27,757 [INFO] WebApp:189 - Connection lost
2026-01-23 11:41:27,952 [INFO] WebApp:186 - Connection restablished
2026-01-23 12:02:11,358 [ERROR] LogOutputStream:75 - [STDERR_REDIRECT] 
2026-01-23 12:02:11,358 [ERROR] LogOutputStream:75 - [STDERR_REDIRECT] 
2026-01-23 12:02:20,092 [INFO] Activator:176 - 


2026-01-23 12:02:20,093 [INFO] Activator:177 - !SESSION log4j initialized
2026-01-23 12:02:25,469 [INFO] LogOutputStream:77 - [STDOUT_REDIRECT] 
